<?xml version="1.0" encoding="UTF-8"?>
<!-- Generated by org.testng.reporters.JUnitReportReporter -->
<testsuite hostname="LAPTOP-IH7D7O72" failures="0" tests="1" name="TestNG_sessions.CSSLocatorsAssignment" time="12.130" errors="0" timestamp="2022-06-19T21:20:06 IST" skipped="0">
  <testcase classname="TestNG_sessions.CSSLocatorsAssignment" name="find" time="12.130"/>
  <system-out/>
</testsuite> <!-- TestNG_sessions.CSSLocatorsAssignment -->
