<?xml version="1.0" encoding="UTF-8"?>
<!-- Generated by org.testng.reporters.JUnitReportReporter -->
<testsuite hostname="LAPTOP-IH7D7O72" failures="0" tests="1" name="TestNG_sessions.Project" time="3.836" errors="0" timestamp="2022-07-26T22:36:41 IST" skipped="0">
  <testcase classname="TestNG_sessions.Project" name="test" time="3.836"/>
  <system-out/>
</testsuite> <!-- TestNG_sessions.Project -->
