<?xml version="1.0" encoding="UTF-8"?>
<!-- Generated by org.testng.reporters.JUnitReportReporter -->
<testsuite hostname="LAPTOP-IH7D7O72" failures="0" tests="2" name="TestNG_sessions.ScrollSampleClass" time="0.029" errors="0" timestamp="2022-07-17T20:55:26 IST" skipped="1">
  <testcase classname="TestNG_sessions.ScrollSampleClass" name="scrollMethod" time="0.029"/>
  <system-out/>
  <testcase classname="TestNG_sessions.ScrollSampleClass" name="horizontalScrollMethod">
    <skipped/>
  </testcase> <!-- horizontalScrollMethod -->
  <system-out/>
</testsuite> <!-- TestNG_sessions.ScrollSampleClass -->
