<?xml version="1.0" encoding="UTF-8"?>
<!-- Generated by org.testng.reporters.JUnitReportReporter -->
<testsuite hostname="LAPTOP-IH7D7O72" failures="0" tests="2" name="TestNG_sessions.Parameterization" time="13.150" errors="0" timestamp="2022-07-19T21:36:06 IST" skipped="0">
  <testcase classname="TestNG_sessions.Parameterization" name="test" time="5.361"/>
  <system-out/>
  <testcase classname="TestNG_sessions.Parameterization" name="test" time="7.789"/>
  <system-out/>
</testsuite> <!-- TestNG_sessions.Parameterization -->
