<?xml version="1.0" encoding="UTF-8"?>
<!-- Generated by org.testng.reporters.JUnitReportReporter -->
<testsuite hostname="LAPTOP-IH7D7O72" failures="0" tests="1" name="TestNG_sessions.DragandDropClass" time="0.505" errors="0" timestamp="2022-07-08T07:42:17 IST" skipped="0">
  <testcase classname="TestNG_sessions.DragandDropClass" name="dragAndDropMethod" time="0.505"/>
  <system-out/>
</testsuite> <!-- TestNG_sessions.DragandDropClass -->
