<?xml version="1.0" encoding="UTF-8"?>
<!-- Generated by org.testng.reporters.JUnitReportReporter -->
<testsuite hostname="LAPTOP-IH7D7O72" failures="0" tests="1" name="TestNG_sessions.XpathWebElementsExample" time="0.816" errors="0" timestamp="2022-06-26T14:26:46 IST" skipped="0">
  <testcase classname="TestNG_sessions.XpathWebElementsExample" name="test1" time="0.816"/>
  <system-out/>
</testsuite> <!-- TestNG_sessions.XpathWebElementsExample -->
