<?xml version="1.0" encoding="UTF-8"?>
<!-- Generated by org.testng.reporters.JUnitReportReporter -->
<testsuite hostname="LAPTOP-IH7D7O72" failures="0" tests="1" name="TestNG_sessions.Project" time="1.650" errors="0" timestamp="2022-07-27T22:22:48 IST" skipped="0">
  <testcase classname="TestNG_sessions.Project" name="test" time="1.650"/>
  <system-out/>
</testsuite> <!-- TestNG_sessions.Project -->
