<?xml version="1.0" encoding="UTF-8"?>
<!-- Generated by org.testng.reporters.JUnitReportReporter -->
<testsuite hostname="LAPTOP-IH7D7O72" failures="0" tests="1" name="ActionclassKeyboardHandling" time="0.681" errors="0" timestamp="2022-07-08T07:58:04 IST" skipped="0">
  <testcase classname="ActionclassKeyboardHandling" name="keyBoardHandlingMethod" time="0.681"/>
  <system-out/>
</testsuite> <!-- ActionclassKeyboardHandling -->
