<?xml version="1.0" encoding="UTF-8"?>
<!-- Generated by org.testng.reporters.JUnitReportReporter -->
<testsuite hostname="LAPTOP-IH7D7O72" failures="0" tests="1" name="TestNG_sessions.IframeClass" time="0.484" errors="0" timestamp="2022-07-19T18:40:57 IST" skipped="0">
  <testcase classname="TestNG_sessions.IframeClass" name="iframeMethod" time="0.484"/>
  <system-out/>
</testsuite> <!-- TestNG_sessions.IframeClass -->
