<?xml version="1.0" encoding="UTF-8"?>
<!-- Generated by org.testng.reporters.JUnitReportReporter -->
<testsuite hostname="LAPTOP-IH7D7O72" failures="0" tests="2" name="TestNG_sessions.RadioButtonAssignment" time="0.078" errors="0" timestamp="2022-06-29T20:49:11 IST" skipped="1">
  <testcase classname="TestNG_sessions.RadioButtonAssignment" name="radioButtonMethodClick" time="0.078"/>
  <system-out/>
  <testcase classname="TestNG_sessions.RadioButtonAssignment" name="radioButtonMethod">
    <skipped/>
  </testcase> <!-- radioButtonMethod -->
  <system-out/>
</testsuite> <!-- TestNG_sessions.RadioButtonAssignment -->
