<?xml version="1.0" encoding="UTF-8"?>
<!-- Generated by org.testng.reporters.JUnitReportReporter -->
<testsuite hostname="LAPTOP-IH7D7O72" failures="0" tests="5" name="TestNG_sessions.XpathExample" time="6.005" errors="0" timestamp="2022-06-22T22:59:55 IST" skipped="4">
  <testcase classname="TestNG_sessions.XpathExample" name="xpathStartwith" time="6.005"/>
  <system-out/>
  <testcase classname="TestNG_sessions.XpathExample" name="xpathText">
    <skipped/>
  </testcase> <!-- xpathText -->
  <system-out/>
  <testcase classname="TestNG_sessions.XpathExample" name="ipFind">
    <skipped/>
  </testcase> <!-- ipFind -->
  <system-out/>
  <testcase classname="TestNG_sessions.XpathExample" name="xpathAndOr">
    <skipped/>
  </testcase> <!-- xpathAndOr -->
  <system-out/>
  <testcase classname="TestNG_sessions.XpathExample" name="xpathContains">
    <skipped/>
  </testcase> <!-- xpathContains -->
  <system-out/>
</testsuite> <!-- TestNG_sessions.XpathExample -->
