<?xml version="1.0" encoding="UTF-8"?>
<!-- Generated by org.testng.reporters.JUnitReportReporter -->
<testsuite hostname="LAPTOP-IH7D7O72" failures="0" tests="1" name="TestNG_sessions.FindElementsExample" time="1.143" errors="0" timestamp="2022-06-26T22:27:03 IST" skipped="0">
  <testcase classname="TestNG_sessions.FindElementsExample" name="test1" time="1.143"/>
  <system-out/>
</testsuite> <!-- TestNG_sessions.FindElementsExample -->
