<?xml version="1.0" encoding="UTF-8"?>
<!-- Generated by org.testng.reporters.JUnitReportReporter -->
<testsuite hostname="LAPTOP-IH7D7O72" failures="0" tests="3" name="TestNG_sessions.AlertClass" time="9.649" errors="0" timestamp="2022-07-11T08:12:15 IST" skipped="2">
  <testcase classname="TestNG_sessions.AlertClass" name="promptAlert" time="9.649"/>
  <system-out/>
  <testcase classname="TestNG_sessions.AlertClass" name="confirmationAlert">
    <skipped/>
  </testcase> <!-- confirmationAlert -->
  <system-out/>
  <testcase classname="TestNG_sessions.AlertClass" name="simpleAlert">
    <skipped/>
  </testcase> <!-- simpleAlert -->
  <system-out/>
</testsuite> <!-- TestNG_sessions.AlertClass -->
