<?xml version="1.0" encoding="UTF-8"?>
<!-- Generated by org.testng.reporters.JUnitReportReporter -->
<testsuite hostname="LAPTOP-IH7D7O72" failures="0" tests="1" name="Assignments.DragAndDropAssignment" time="4.275" errors="0" timestamp="2022-07-14T21:01:03 IST" skipped="0">
  <testcase classname="Assignments.DragAndDropAssignment" name="dragAndDropMethod" time="4.275"/>
  <system-out/>
</testsuite> <!-- Assignments.DragAndDropAssignment -->
