<?xml version="1.0" encoding="UTF-8"?>
<!-- Generated by org.testng.reporters.JUnitReportReporter -->
<testsuite hostname="LAPTOP-IH7D7O72" failures="0" tests="4" name="TestNG_sessions.Project" time="6.981" errors="0" timestamp="2022-07-30T22:20:29 IST" skipped="3">
  <testcase classname="TestNG_sessions.Project" name="test" time="6.981"/>
  <system-out/>
  <testcase classname="TestNG_sessions.Project" name="test2">
    <skipped/>
  </testcase> <!-- test2 -->
  <system-out/>
  <testcase classname="TestNG_sessions.Project" name="test3">
    <skipped/>
  </testcase> <!-- test3 -->
  <system-out/>
  <testcase classname="TestNG_sessions.Project" name="test3">
    <skipped/>
  </testcase> <!-- test3 -->
  <system-out/>
</testsuite> <!-- TestNG_sessions.Project -->
