<?xml version="1.0" encoding="UTF-8"?>
<!-- Generated by org.testng.reporters.JUnitReportReporter -->
<testsuite hostname="LAPTOP-IH7D7O72" failures="0" tests="3" name="TestNG_sessions.AnnotationExampleEnabled" time="0.015" errors="0" timestamp="2022-06-16T07:08:41 IST" skipped="1">
  <testcase classname="TestNG_sessions.AnnotationExampleEnabled" name="test3" time="0.002"/>
  <system-out/>
  <testcase classname="TestNG_sessions.AnnotationExampleEnabled" name="test1" time="0.013"/>
  <system-out/>
  <testcase classname="TestNG_sessions.AnnotationExampleEnabled" name="test2">
    <skipped/>
  </testcase> <!-- test2 -->
  <system-out/>
</testsuite> <!-- TestNG_sessions.AnnotationExampleEnabled -->
