<?xml version="1.0" encoding="UTF-8"?>
<!-- Generated by org.testng.reporters.JUnitReportReporter -->
<testsuite hostname="LAPTOP-IH7D7O72" failures="0" tests="2" name="TestNG_sessions.DropDownExample" time="0.310" errors="0" timestamp="2022-06-30T22:59:00 IST" skipped="1">
  <testcase classname="TestNG_sessions.DropDownExample" name="multipleDropdown" time="0.310"/>
  <system-out/>
  <testcase classname="TestNG_sessions.DropDownExample" name="dropDown">
    <skipped/>
  </testcase> <!-- dropDown -->
  <system-out/>
</testsuite> <!-- TestNG_sessions.DropDownExample -->
