<?xml version="1.0" encoding="UTF-8"?>
<!-- Generated by org.testng.reporters.JUnitReportReporter -->
<testsuite hostname="LAPTOP-IH7D7O72" failures="0" tests="5" name="TestNG_sessions.Project" time="5.116" errors="0" timestamp="2022-08-02T22:01:13 IST" skipped="4">
  <testcase classname="TestNG_sessions.Project" name="test3" time="5.116"/>
  <system-out/>
  <testcase classname="TestNG_sessions.Project" name="test2">
    <skipped/>
  </testcase> <!-- test2 -->
  <system-out/>
  <testcase classname="TestNG_sessions.Project" name="test3">
    <skipped/>
  </testcase> <!-- test3 -->
  <system-out/>
  <testcase classname="TestNG_sessions.Project" name="test">
    <skipped/>
  </testcase> <!-- test -->
  <system-out/>
  <testcase classname="TestNG_sessions.Project" name="testttt">
    <skipped/>
  </testcase> <!-- testttt -->
  <system-out/>
</testsuite> <!-- TestNG_sessions.Project -->
