<?xml version="1.0" encoding="UTF-8"?>
<!-- Generated by org.testng.reporters.JUnitReportReporter -->
<testsuite hostname="LAPTOP-IH7D7O72" failures="0" tests="3" name="TestNG_sessions.DataproviderSample1" time="0.495" errors="0" timestamp="2022-07-06T07:48:59 IST" skipped="0">
  <testcase classname="TestNG_sessions.DataproviderSample1" name="test1" time="0.109"/>
  <system-out/>
  <testcase classname="TestNG_sessions.DataproviderSample1" name="test1" time="0.282"/>
  <system-out/>
  <testcase classname="TestNG_sessions.DataproviderSample1" name="test1" time="0.104"/>
  <system-out/>
</testsuite> <!-- TestNG_sessions.DataproviderSample1 -->
