<?xml version="1.0" encoding="UTF-8"?>
<!-- Generated by org.testng.reporters.JUnitReportReporter -->
<testsuite hostname="LAPTOP-IH7D7O72" failures="0" tests="1" name="TestNG_sessions.XpathExampleFacebook" time="1.429" errors="0" timestamp="2022-06-21T20:07:25 IST" skipped="0">
  <testcase classname="TestNG_sessions.XpathExampleFacebook" name="elementFinder" time="1.429"/>
  <system-out/>
</testsuite> <!-- TestNG_sessions.XpathExampleFacebook -->
