<?xml version="1.0" encoding="UTF-8"?>
<!-- Generated by org.testng.reporters.JUnitReportReporter -->
<testsuite hostname="LAPTOP-IH7D7O72" failures="0" tests="1" name="Assignments.AlertAssignments" time="0.752" errors="0" timestamp="2022-07-14T21:39:39 IST" skipped="0">
  <testcase classname="Assignments.AlertAssignments" name="alertMethod" time="0.752"/>
  <system-out/>
</testsuite> <!-- Assignments.AlertAssignments -->
