<?xml version="1.0" encoding="UTF-8"?>
<!-- Generated by org.testng.reporters.JUnitReportReporter -->
<testsuite hostname="LAPTOP-IH7D7O72" failures="0" tests="1" name="TestNG_sessions.DynamicTableClass" time="0.651" errors="0" timestamp="2022-07-18T21:08:02 IST" skipped="0">
  <testcase classname="TestNG_sessions.DynamicTableClass" name="dynamicTableMethod" time="0.651"/>
  <system-out/>
</testsuite> <!-- TestNG_sessions.DynamicTableClass -->
