<?xml version="1.0" encoding="UTF-8"?>
<!-- Generated by org.testng.reporters.JUnitReportReporter -->
<testsuite hostname="LAPTOP-IH7D7O72" failures="0" tests="1" name="TestNG_sessions.ActionclassRightandDoubleClick" time="0.503" errors="0" timestamp="2022-07-07T07:58:32 IST" skipped="0">
  <testcase classname="TestNG_sessions.ActionclassRightandDoubleClick" name="rightClick" time="0.503"/>
  <system-out/>
</testsuite> <!-- TestNG_sessions.ActionclassRightandDoubleClick -->
