<?xml version="1.0" encoding="UTF-8"?>
<!-- Generated by org.testng.reporters.JUnitReportReporter -->
<testsuite hostname="LAPTOP-IH7D7O72" failures="0" tests="1" name="TestNG_sessions.WindowHandlesExample" time="0.668" errors="0" timestamp="2022-07-31T22:09:51 IST" skipped="0">
  <testcase classname="TestNG_sessions.WindowHandlesExample" name="WindowHandleMethod" time="0.668"/>
  <system-out/>
</testsuite> <!-- TestNG_sessions.WindowHandlesExample -->
