<?xml version="1.0" encoding="UTF-8"?>
<!-- Generated by org.testng.reporters.JUnitReportReporter -->
<testsuite hostname="LAPTOP-IH7D7O72" failures="0" tests="1" name="TestNG_sessions.WaitSampleClass" time="0.249" errors="0" timestamp="2022-07-15T07:57:37 IST" skipped="0">
  <testcase classname="TestNG_sessions.WaitSampleClass" name="waitMethod" time="0.249"/>
  <system-out/>
</testsuite> <!-- TestNG_sessions.WaitSampleClass -->
