<?xml version="1.0" encoding="UTF-8"?>
<!-- Generated by org.testng.reporters.JUnitReportReporter -->
<testsuite hostname="LAPTOP-IH7D7O72" failures="0" tests="1" name="TestNG_sessions.xpathwebElementsExampleToolsQA" time="2.238" errors="0" timestamp="2022-06-27T07:12:27 IST" skipped="0">
  <testcase classname="TestNG_sessions.xpathwebElementsExampleToolsQA" name="test1" time="2.238"/>
  <system-out/>
</testsuite> <!-- TestNG_sessions.xpathwebElementsExampleToolsQA -->
