<?xml version="1.0" encoding="UTF-8"?>
<!-- Generated by org.testng.reporters.JUnitReportReporter -->
<testsuite hostname="LAPTOP-IH7D7O72" failures="0" tests="1" name="TestNG_sessions.DropDownAssignment" time="3.815" errors="0" timestamp="2022-06-30T23:46:19 IST" skipped="0">
  <testcase classname="TestNG_sessions.DropDownAssignment" name="dropDownMethod" time="3.815"/>
  <system-out/>
</testsuite> <!-- TestNG_sessions.DropDownAssignment -->
