<?xml version="1.0" encoding="UTF-8"?>
<!-- Generated by org.testng.reporters.JUnitReportReporter -->
<testsuite hostname="LAPTOP-IH7D7O72" failures="0" tests="1" name="TestNG_sessions.RobotClass" time="0.464" errors="0" timestamp="2022-07-19T21:31:41 IST" skipped="0">
  <testcase classname="TestNG_sessions.RobotClass" name="robotMethod" time="0.464"/>
  <system-out/>
</testsuite> <!-- TestNG_sessions.RobotClass -->
