<?xml version="1.0" encoding="UTF-8"?>
<!-- Generated by org.testng.reporters.JUnitReportReporter -->
<testsuite hostname="LAPTOP-IH7D7O72" failures="0" tests="1" name="TestNG_sessions.AnnotationExampleInvocationcount" time="0.014" errors="0" timestamp="2022-06-19T21:47:01 IST" skipped="0">
  <testcase classname="TestNG_sessions.AnnotationExampleInvocationcount" name="test" time="0.014"/>
  <system-out/>
</testsuite> <!-- TestNG_sessions.AnnotationExampleInvocationcount -->
