<?xml version="1.0" encoding="UTF-8"?>
<!-- Generated by org.testng.reporters.JUnitReportReporter -->
<testsuite hostname="LAPTOP-IH7D7O72" failures="0" tests="1" name="TestNG_sessions.UploadAndDownloadClass" time="0.151" errors="0" timestamp="2022-07-19T07:15:46 IST" skipped="0">
  <testcase classname="TestNG_sessions.UploadAndDownloadClass" name="f" time="0.151"/>
  <system-out/>
</testsuite> <!-- TestNG_sessions.UploadAndDownloadClass -->
