<?xml version="1.0" encoding="UTF-8"?>
<!-- Generated by org.testng.reporters.JUnitReportReporter -->
<testsuite hostname="LAPTOP-IH7D7O72" failures="0" tests="2" name="TestNG_sessions.CheckboxRadiobuttonSample" time="0.926" errors="0" timestamp="2022-06-29T08:09:43 IST" skipped="0">
  <testcase classname="TestNG_sessions.CheckboxRadiobuttonSample" name="checkboxMethod" time="0.761"/>
  <system-out/>
  <testcase classname="TestNG_sessions.CheckboxRadiobuttonSample" name="radioButtonMethod" time="0.165"/>
  <system-out/>
</testsuite> <!-- TestNG_sessions.CheckboxRadiobuttonSample -->
