<?xml version="1.0" encoding="UTF-8"?>
<!-- Generated by org.testng.reporters.JUnitReportReporter -->
<testsuite hostname="LAPTOP-IH7D7O72" failures="0" tests="8" name="TestNG_sessions.xpathAxes" time="1.655" errors="0" timestamp="2022-06-23T21:35:26 IST" skipped="7">
  <testcase classname="TestNG_sessions.xpathAxes" name="test8" time="1.655"/>
  <system-out/>
  <testcase classname="TestNG_sessions.xpathAxes" name="test1">
    <skipped/>
  </testcase> <!-- test1 -->
  <system-out/>
  <testcase classname="TestNG_sessions.xpathAxes" name="test5">
    <skipped/>
  </testcase> <!-- test5 -->
  <system-out/>
  <testcase classname="TestNG_sessions.xpathAxes" name="test4">
    <skipped/>
  </testcase> <!-- test4 -->
  <system-out/>
  <testcase classname="TestNG_sessions.xpathAxes" name="test3">
    <skipped/>
  </testcase> <!-- test3 -->
  <system-out/>
  <testcase classname="TestNG_sessions.xpathAxes" name="test2">
    <skipped/>
  </testcase> <!-- test2 -->
  <system-out/>
  <testcase classname="TestNG_sessions.xpathAxes" name="test7">
    <skipped/>
  </testcase> <!-- test7 -->
  <system-out/>
  <testcase classname="TestNG_sessions.xpathAxes" name="test6">
    <skipped/>
  </testcase> <!-- test6 -->
  <system-out/>
</testsuite> <!-- TestNG_sessions.xpathAxes -->
