<?xml version="1.0" encoding="UTF-8"?>
<!-- Generated by org.testng.reporters.JUnitReportReporter -->
<testsuite hostname="LAPTOP-IH7D7O72" failures="0" tests="1" name="testCases.ManagePages" time="2.593" errors="0" timestamp="2022-07-25T07:34:29 IST" skipped="0">
  <testcase classname="testCases.ManagePages" name="validateManagePagesSearchOption" time="2.593"/>
  <system-out/>
</testsuite> <!-- testCases.ManagePages -->
