<?xml version="1.0" encoding="UTF-8"?>
<!-- Generated by org.testng.reporters.JUnitReportReporter -->
<testsuite hostname="LAPTOP-IH7D7O72" failures="0" tests="6" name="testCases.AdminUsers" time="6.044" errors="0" timestamp="2022-07-27T22:45:38 IST" skipped="0">
  <testcase classname="testCases.AdminUsers" name="validateAddNewPageOption" time="3.382"/>
  <system-out/>
  <testcase classname="testCases.AdminUsers" name="validateDeletePageOption" time="0.580"/>
  <system-out/>
  <testcase classname="testCases.AdminUsers" name="validateLockPageButtonIsClickable" time="0.596"/>
  <system-out/>
  <testcase classname="testCases.AdminUsers" name="validateUnLockPageButtonIsClickable" time="0.371"/>
  <system-out/>
  <testcase classname="testCases.AdminUsers" name="validateActiveButtonIsClickable" time="0.499"/>
  <system-out/>
  <testcase classname="testCases.AdminUsers" name="validateInActiveButtonIsClickable" time="0.616"/>
  <system-out/>
</testsuite> <!-- testCases.AdminUsers -->
