<?xml version="1.0" encoding="UTF-8"?>
<!-- Generated by org.testng.reporters.JUnitReportReporter -->
<testsuite hostname="LAPTOP-IH7D7O72" failures="0" tests="10" name="testCases.ManagePages" time="22.494" errors="0" timestamp="2022-08-09T10:10:52 IST" skipped="0">
  <testcase classname="testCases.ManagePages" name="validateManagePagesSearchOptionWithPageName" time="3.639"/>
  <system-out/>
  <testcase classname="testCases.ManagePages" name="validateManagePagesSearchOptionWithPageName" time="3.373"/>
  <system-out/>
  <testcase classname="testCases.ManagePages" name="validateTextBoxesinAddNewPageOption" time="1.274"/>
  <system-out/>
  <testcase classname="testCases.ManagePages" name="validateTextBoxesinAddNewPageOption" time="1.275"/>
  <system-out/>
  <testcase classname="testCases.ManagePages" name="validateUploadImagesinAddNewPageOption" time="0.506"/>
  <system-out/>
  <testcase classname="testCases.ManagePages" name="validateUploadImagesinAddNewPageOption" time="0.420"/>
  <system-out/>
  <testcase classname="testCases.ManagePages" name="validateDeleteButton" time="0.497"/>
  <system-out/>
  <testcase classname="testCases.ManagePages" name="validateDeleteButton" time="0.466"/>
  <system-out/>
  <testcase classname="testCases.ManagePages" name="validateAddNewPageOption" time="7.733"/>
  <system-out/>
  <testcase classname="testCases.ManagePages" name="validateAddNewPageOption" time="3.311"/>
  <system-out/>
</testsuite> <!-- testCases.ManagePages -->
