<?xml version="1.0" encoding="UTF-8"?>
<!-- Generated by org.testng.reporters.JUnitReportReporter -->
<testsuite hostname="LAPTOP-IH7D7O72" failures="0" tests="20" name="testCases.ManagedeliveryBoy" time="21.890" errors="0" timestamp="2022-08-09T10:10:52 IST" skipped="0">
  <testcase classname="testCases.ManagedeliveryBoy" name="validateAddNewDeliveryBoy" time="3.820"/>
  <system-out/>
  <testcase classname="testCases.ManagedeliveryBoy" name="validateAddNewDeliveryBoy" time="3.899"/>
  <system-out/>
  <testcase classname="testCases.ManagedeliveryBoy" name="validateSearchDeliveryBoyWithValidName" time="1.076"/>
  <system-out/>
  <testcase classname="testCases.ManagedeliveryBoy" name="validateSearchDeliveryBoyWithValidName" time="0.847"/>
  <system-out/>
  <testcase classname="testCases.ManagedeliveryBoy" name="validateSearchDeliveryBoyWithValidPhoneNumber" time="0.835"/>
  <system-out/>
  <testcase classname="testCases.ManagedeliveryBoy" name="validateSearchDeliveryBoyWithValidPhoneNumber" time="0.913"/>
  <system-out/>
  <testcase classname="testCases.ManagedeliveryBoy" name="validateSearchDeliveryBoyWithValidEmail" time="0.840"/>
  <system-out/>
  <testcase classname="testCases.ManagedeliveryBoy" name="validateSearchDeliveryBoyWithValidEmail" time="0.862"/>
  <system-out/>
  <testcase classname="testCases.ManagedeliveryBoy" name="validateSearchDeliveryBoyWithInvalidName" time="0.979"/>
  <system-out/>
  <testcase classname="testCases.ManagedeliveryBoy" name="validateSearchDeliveryBoyWithInvalidName" time="0.869"/>
  <system-out/>
  <testcase classname="testCases.ManagedeliveryBoy" name="validateSearchDeliveryBoyWithInvalidPhoneNumber" time="0.783"/>
  <system-out/>
  <testcase classname="testCases.ManagedeliveryBoy" name="validateSearchDeliveryBoyWithInvalidPhoneNumber" time="0.797"/>
  <system-out/>
  <testcase classname="testCases.ManagedeliveryBoy" name="validateSearchDeliveryBoyWithInvalidEmail" time="0.706"/>
  <system-out/>
  <testcase classname="testCases.ManagedeliveryBoy" name="validateSearchDeliveryBoyWithInvalidEmail" time="0.831"/>
  <system-out/>
  <testcase classname="testCases.ManagedeliveryBoy" name="validateUpdateDeliveryBoy" time="1.428"/>
  <system-out/>
  <testcase classname="testCases.ManagedeliveryBoy" name="validateUpdateDeliveryBoy" time="1.288"/>
  <system-out/>
  <testcase classname="testCases.ManagedeliveryBoy" name="validateActiveButtonStatusOfDeliveryBoy" time="0.073"/>
  <system-out/>
  <testcase classname="testCases.ManagedeliveryBoy" name="validateDeleteDeliveryBoy" time="0.462"/>
  <system-out/>
  <testcase classname="testCases.ManagedeliveryBoy" name="validateDeleteDeliveryBoy" time="0.516"/>
  <system-out/>
  <testcase classname="testCases.ManagedeliveryBoy" name="validateActiveButtonStatusOfDeliveryBoy" time="0.066"/>
  <system-out/>
</testsuite> <!-- testCases.ManagedeliveryBoy -->
