<?xml version="1.0" encoding="UTF-8"?>
<!-- Generated by org.testng.reporters.JUnitReportReporter -->
<testsuite hostname="LAPTOP-IH7D7O72" failures="0" tests="14" name="testCases.AdminUsers" time="15.589" errors="0" timestamp="2022-08-09T10:10:52 IST" skipped="0">
  <testcase classname="testCases.AdminUsers" name="validateAddNewPageOption" time="3.015"/>
  <system-out/>
  <testcase classname="testCases.AdminUsers" name="validateAddNewPageOption" time="3.544"/>
  <system-out/>
  <testcase classname="testCases.AdminUsers" name="validateDeletePageOption" time="0.942"/>
  <system-out/>
  <testcase classname="testCases.AdminUsers" name="validateDeletePageOption" time="0.593"/>
  <system-out/>
  <testcase classname="testCases.AdminUsers" name="validateLockPageButtonIsClickable" time="0.526"/>
  <system-out/>
  <testcase classname="testCases.AdminUsers" name="validateLockPageButtonIsClickable" time="0.659"/>
  <system-out/>
  <testcase classname="testCases.AdminUsers" name="validateUnLockPageButtonIsClickable" time="0.568"/>
  <system-out/>
  <testcase classname="testCases.AdminUsers" name="validateUnLockPageButtonIsClickable" time="0.566"/>
  <system-out/>
  <testcase classname="testCases.AdminUsers" name="validateActiveButtonIsClickable" time="0.586"/>
  <system-out/>
  <testcase classname="testCases.AdminUsers" name="validateActiveButtonIsClickable" time="0.487"/>
  <system-out/>
  <testcase classname="testCases.AdminUsers" name="validateInActiveButtonIsClickable" time="0.487"/>
  <system-out/>
  <testcase classname="testCases.AdminUsers" name="validateInActiveButtonIsClickable" time="0.541"/>
  <system-out/>
  <testcase classname="testCases.AdminUsers" name="validateUpdateButton" time="1.509"/>
  <system-out/>
  <testcase classname="testCases.AdminUsers" name="validateUpdateButton" time="1.566"/>
  <system-out/>
</testsuite> <!-- testCases.AdminUsers -->
