<?xml version="1.0" encoding="UTF-8"?>
<!-- Generated by org.testng.reporters.JUnitReportReporter -->
<testsuite hostname="LAPTOP-IH7D7O72" failures="0" tests="8" name="testCases.ManagedeliveryBoy" time="12.423" errors="0" timestamp="2022-07-30T22:24:38 IST" skipped="0">
  <testcase classname="testCases.ManagedeliveryBoy" name="validateAddNewDeliveryBoy" time="4.569"/>
  <system-out/>
  <testcase classname="testCases.ManagedeliveryBoy" name="validateSearchDeliveryBoyWithValidName" time="1.230"/>
  <system-out/>
  <testcase classname="testCases.ManagedeliveryBoy" name="validateSearchDeliveryBoyWithValidPhoneNumber" time="1.054"/>
  <system-out/>
  <testcase classname="testCases.ManagedeliveryBoy" name="validateSearchDeliveryBoyWithValidEmail" time="1.203"/>
  <system-out/>
  <testcase classname="testCases.ManagedeliveryBoy" name="validateSearchDeliveryBoyWithInvalidName" time="1.256"/>
  <system-out/>
  <testcase classname="testCases.ManagedeliveryBoy" name="validateSearchDeliveryBoyWithInvalidPhoneNumber" time="0.976"/>
  <system-out/>
  <testcase classname="testCases.ManagedeliveryBoy" name="validateSearchDeliveryBoyWithInvalidEmail" time="1.286"/>
  <system-out/>
  <testcase classname="testCases.ManagedeliveryBoy" name="validateDeleteDeliveryBoy" time="0.849"/>
  <system-out/>
</testsuite> <!-- testCases.ManagedeliveryBoy -->
