<?xml version="1.0" encoding="UTF-8"?>
<!-- Generated by org.testng.reporters.JUnitReportReporter -->
<testsuite hostname="LAPTOP-IH7D7O72" failures="0" tests="5" name="testCases.ManagePages" time="5.862" errors="0" timestamp="2022-07-27T22:45:38 IST" skipped="1">
  <testcase classname="testCases.ManagePages" name="validateManagePagesSearchOptionWithPageName" time="3.685"/>
  <system-out/>
  <testcase classname="testCases.ManagePages" name="validateTextBoxesinAddNewPageOption" time="1.305"/>
  <system-out/>
  <testcase classname="testCases.ManagePages" name="validateUploadImagesinAddNewPageOption" time="0.390"/>
  <system-out/>
  <testcase classname="testCases.ManagePages" name="validateDeleteButton" time="0.482"/>
  <system-out/>
  <testcase classname="testCases.ManagePages" name="validateTextBoxesOfAddNewPageOption">
    <skipped/>
  </testcase> <!-- validateTextBoxesOfAddNewPageOption -->
  <system-out/>
</testsuite> <!-- testCases.ManagePages -->
