<?xml version="1.0" encoding="UTF-8"?>
<!-- Generated by org.testng.reporters.JUnitReportReporter -->
<testsuite hostname="LAPTOP-IH7D7O72" failures="0" tests="2" name="testCases.DashBoard" time="4.355" errors="0" timestamp="2022-07-30T08:23:52 IST" skipped="0">
  <testcase classname="testCases.DashBoard" name="validateUpdateExpenseCategory" time="3.841"/>
  <system-out/>
  <testcase classname="testCases.DashBoard" name="validateDeleteExpenseCategory" time="0.514"/>
  <system-out/>
</testsuite> <!-- testCases.DashBoard -->
