<?xml version="1.0" encoding="UTF-8"?>
<!-- Generated by org.testng.reporters.JUnitReportReporter -->
<testsuite hostname="LAPTOP-IH7D7O72" failures="0" tests="6" name="testCases.DashBoard" time="9.033" errors="0" timestamp="2022-08-09T10:10:52 IST" skipped="0">
  <testcase classname="testCases.DashBoard" name="validateAddExpenseCategory" time="3.015"/>
  <system-out/>
  <testcase classname="testCases.DashBoard" name="validateAddExpenseCategory" time="2.878"/>
  <system-out/>
  <testcase classname="testCases.DashBoard" name="validateUpdateExpenseCategory" time="1.036"/>
  <system-out/>
  <testcase classname="testCases.DashBoard" name="validateUpdateExpenseCategory" time="1.296"/>
  <system-out/>
  <testcase classname="testCases.DashBoard" name="validateDeleteExpenseCategory" time="0.365"/>
  <system-out/>
  <testcase classname="testCases.DashBoard" name="validateDeleteExpenseCategory" time="0.443"/>
  <system-out/>
</testsuite> <!-- testCases.DashBoard -->
