<?xml version="1.0" encoding="UTF-8"?>
<!-- Generated by org.testng.reporters.JUnitReportReporter -->
<testsuite hostname="LAPTOP-IH7D7O72" failures="0" tests="5" name="testCases.ManagePages" time="11.293" errors="0" timestamp="2022-07-30T22:24:38 IST" skipped="0">
  <testcase classname="testCases.ManagePages" name="validateManagePagesSearchOptionWithPageName" time="4.190"/>
  <system-out/>
  <testcase classname="testCases.ManagePages" name="validateTextBoxesinAddNewPageOption" time="1.719"/>
  <system-out/>
  <testcase classname="testCases.ManagePages" name="validateUploadImagesinAddNewPageOption" time="0.414"/>
  <system-out/>
  <testcase classname="testCases.ManagePages" name="validateDeleteButton" time="0.773"/>
  <system-out/>
  <testcase classname="testCases.ManagePages" name="validateAddNewPageOption" time="4.197"/>
  <system-out/>
</testsuite> <!-- testCases.ManagePages -->
