<?xml version="1.0" encoding="UTF-8"?>
<!-- Generated by org.testng.reporters.JUnitReportReporter -->
<testsuite hostname="LAPTOP-IH7D7O72" failures="0" tests="7" name="testCases.Login" time="7.035" errors="0" timestamp="2022-07-30T22:24:38 IST" skipped="0">
  <testcase classname="testCases.Login" name="validateLoginWithPasswordAlone" time="1.083"/>
  <system-out/>
  <testcase classname="testCases.Login" name="validateLoginWithUserNameAlone" time="0.789"/>
  <system-out/>
  <testcase classname="testCases.Login" name="validateLoginWithCorrectUserNameAndPassword" time="2.249"/>
  <system-out/>
  <testcase classname="testCases.Login" name="validateRememberMebuttonBeforeClick" time="0.234"/>
  <system-out/>
  <testcase classname="testCases.Login" name="validateRememberMebuttonAfterClick" time="0.241"/>
  <system-out/>
  <testcase classname="testCases.Login" name="validateLoginWithInvalidUserName" time="1.086"/>
  <system-out/>
  <testcase classname="testCases.Login" name="validateLoginWithInvalidPassword" time="1.353"/>
  <system-out/>
</testsuite> <!-- testCases.Login -->
