<?xml version="1.0" encoding="UTF-8"?>
<!-- Generated by org.testng.reporters.JUnitReportReporter -->
<testsuite hostname="LAPTOP-IH7D7O72" failures="0" tests="1" name="testCases.HomePage" time="0.008" errors="0" timestamp="2022-07-22T21:41:12 IST" skipped="0">
  <testcase classname="testCases.HomePage" name="f" time="0.008"/>
  <system-out/>
</testsuite> <!-- testCases.HomePage -->
