<?xml version="1.0" encoding="UTF-8"?>
<!-- Generated by org.testng.reporters.JUnitReportReporter -->
<testsuite hostname="LAPTOP-IH7D7O72" failures="0" tests="7" name="testCases.Login" time="5.895" errors="0" timestamp="2022-07-28T07:40:20 IST" skipped="0">
  <testcase classname="testCases.Login" name="validateLoginWithPasswordAlone" time="0.960"/>
  <system-out/>
  <testcase classname="testCases.Login" name="validateLoginWithUserNameAlone" time="0.667"/>
  <system-out/>
  <testcase classname="testCases.Login" name="validateLoginWithCorrectUserNameAndPassword" time="2.249"/>
  <system-out/>
  <testcase classname="testCases.Login" name="validateRememberMebuttonBeforeClick" time="0.168"/>
  <system-out/>
  <testcase classname="testCases.Login" name="validateRememberMebuttonAfterClick" time="0.192"/>
  <system-out/>
  <testcase classname="testCases.Login" name="validateLoginWithInvalidUserName" time="0.923"/>
  <system-out/>
  <testcase classname="testCases.Login" name="validateLoginWithInvalidPassword" time="0.736"/>
  <system-out/>
</testsuite> <!-- testCases.Login -->
