<?xml version="1.0" encoding="UTF-8"?>
<!-- Generated by org.testng.reporters.JUnitReportReporter -->
<testsuite hostname="LAPTOP-IH7D7O72" failures="0" tests="6" name="testCases.AdminUsers" time="5.844" errors="0" timestamp="2022-07-28T07:40:20 IST" skipped="0">
  <testcase classname="testCases.AdminUsers" name="validateAddNewPageOption" time="3.005"/>
  <system-out/>
  <testcase classname="testCases.AdminUsers" name="validateDeletePageOption" time="0.897"/>
  <system-out/>
  <testcase classname="testCases.AdminUsers" name="validateLockPageButtonIsClickable" time="0.520"/>
  <system-out/>
  <testcase classname="testCases.AdminUsers" name="validateUnLockPageButtonIsClickable" time="0.435"/>
  <system-out/>
  <testcase classname="testCases.AdminUsers" name="validateActiveButtonIsClickable" time="0.492"/>
  <system-out/>
  <testcase classname="testCases.AdminUsers" name="validateInActiveButtonIsClickable" time="0.495"/>
  <system-out/>
</testsuite> <!-- testCases.AdminUsers -->
