<?xml version="1.0" encoding="UTF-8"?>
<!-- Generated by org.testng.reporters.JUnitReportReporter -->
<testsuite hostname="LAPTOP-IH7D7O72" failures="0" tests="5" name="testCases.ManagePages" time="9.036" errors="0" timestamp="2022-08-02T22:32:32 IST" skipped="0">
  <testcase classname="testCases.ManagePages" name="validateManagePagesSearchOptionWithPageName" time="3.691"/>
  <system-out/>
  <testcase classname="testCases.ManagePages" name="validateTextBoxesinAddNewPageOption" time="1.437"/>
  <system-out/>
  <testcase classname="testCases.ManagePages" name="validateUploadImagesinAddNewPageOption" time="0.410"/>
  <system-out/>
  <testcase classname="testCases.ManagePages" name="validateDeleteButton" time="0.386"/>
  <system-out/>
  <testcase classname="testCases.ManagePages" name="validateAddNewPageOption" time="3.112"/>
  <system-out/>
</testsuite> <!-- testCases.ManagePages -->
