<?xml version="1.0" encoding="UTF-8"?>
<!-- Generated by org.testng.reporters.JUnitReportReporter -->
<testsuite hostname="LAPTOP-IH7D7O72" failures="0" tests="6" name="testCases.Login" time="5.009" errors="0" timestamp="2022-07-25T07:55:53 IST" skipped="0">
  <testcase classname="testCases.Login" name="validateLoginWithPasswordAlone" time="0.964"/>
  <system-out/>
  <testcase classname="testCases.Login" name="validateLoginWithUserNameAlone" time="0.680"/>
  <system-out/>
  <testcase classname="testCases.Login" name="validateLoginWithCorrectUserNameAndPassword" time="2.157"/>
  <system-out/>
  <testcase classname="testCases.Login" name="validateRememberMebuttonBeforeClick" time="0.186"/>
  <system-out/>
  <testcase classname="testCases.Login" name="validateRememberMebuttonAfterClick" time="0.202"/>
  <system-out/>
  <testcase classname="testCases.Login" name="ValidateLoginWithInvalidUserNameAndPassword" time="0.820"/>
  <system-out/>
</testsuite> <!-- testCases.Login -->
