<?xml version="1.0" encoding="UTF-8"?>
<!-- Generated by org.testng.reporters.JUnitReportReporter -->
<testsuite hostname="LAPTOP-IH7D7O72" failures="0" tests="2" name="testCases.AdminUsers" time="4.630" errors="0" timestamp="2022-07-26T22:58:51 IST" skipped="0">
  <testcase classname="testCases.AdminUsers" name="validateAddNewPageOption" time="4.028"/>
  <system-out/>
  <testcase classname="testCases.AdminUsers" name="validateDeletePageOption" time="0.602"/>
  <system-out/>
</testsuite> <!-- testCases.AdminUsers -->
