<?xml version="1.0" encoding="UTF-8"?>
<!-- Generated by org.testng.reporters.JUnitReportReporter -->
<testsuite hostname="LAPTOP-IH7D7O72" failures="0" tests="1" name="testCases.AdminUsers" time="1.686" errors="0" timestamp="2022-07-25T07:55:53 IST" skipped="0">
  <testcase classname="testCases.AdminUsers" name="validateNewOption" time="1.686"/>
  <system-out/>
</testsuite> <!-- testCases.AdminUsers -->
