<?xml version="1.0" encoding="UTF-8"?>
<!-- Generated by org.testng.reporters.JUnitReportReporter -->
<testsuite hostname="LAPTOP-IH7D7O72" failures="0" tests="5" name="testCases.ManageLocations" time="5.487" errors="0" timestamp="2022-08-02T22:32:32 IST" skipped="0">
  <testcase classname="testCases.ManageLocations" name="validateAddNewLocation" time="3.983"/>
  <system-out/>
  <testcase classname="testCases.ManageLocations" name="validateSearchWithCountryAndLocation" time="0.575"/>
  <system-out/>
  <testcase classname="testCases.ManageLocations" name="validateSearchWithCountryAlone" time="0.433"/>
  <system-out/>
  <testcase classname="testCases.ManageLocations" name="validateDeleteLocation" time="0.458"/>
  <system-out/>
  <testcase classname="testCases.ManageLocations" name="validateActiveButtonStatus" time="0.038"/>
  <system-out/>
</testsuite> <!-- testCases.ManageLocations -->
