<?xml version="1.0" encoding="UTF-8"?>
<!-- Generated by org.testng.reporters.JUnitReportReporter -->
<testsuite hostname="LAPTOP-IH7D7O72" failures="0" tests="7" name="testCases.Login" time="7.501" errors="0" timestamp="2022-07-26T22:58:51 IST" skipped="0">
  <testcase classname="testCases.Login" name="validateLoginWithPasswordAlone" time="1.105"/>
  <system-out/>
  <testcase classname="testCases.Login" name="validateLoginWithUserNameAlone" time="0.780"/>
  <system-out/>
  <testcase classname="testCases.Login" name="validateLoginWithCorrectUserNameAndPassword" time="2.368"/>
  <system-out/>
  <testcase classname="testCases.Login" name="validateRememberMebuttonBeforeClick" time="0.238"/>
  <system-out/>
  <testcase classname="testCases.Login" name="validateRememberMebuttonAfterClick" time="0.411"/>
  <system-out/>
  <testcase classname="testCases.Login" name="validateLoginWithInvalidUserName" time="1.425"/>
  <system-out/>
  <testcase classname="testCases.Login" name="validateLoginWithInvalidPassword" time="1.174"/>
  <system-out/>
</testsuite> <!-- testCases.Login -->
