<?xml version="1.0" encoding="UTF-8"?>
<!-- Generated by org.testng.reporters.JUnitReportReporter -->
<testsuite hostname="LAPTOP-IH7D7O72" failures="0" tests="3" name="testCases.DashBoard" time="4.882" errors="0" timestamp="2022-08-02T22:32:32 IST" skipped="0">
  <testcase classname="testCases.DashBoard" name="validateAddExpenseCategory" time="3.052"/>
  <system-out/>
  <testcase classname="testCases.DashBoard" name="validateUpdateExpenseCategory" time="1.332"/>
  <system-out/>
  <testcase classname="testCases.DashBoard" name="validateDeleteExpenseCategory" time="0.498"/>
  <system-out/>
</testsuite> <!-- testCases.DashBoard -->
