<?xml version="1.0" encoding="UTF-8"?>
<!-- Generated by org.testng.reporters.JUnitReportReporter -->
<testsuite hostname="LAPTOP-IH7D7O72" failures="0" tests="10" name="testCases.ManagedeliveryBoy" time="10.885" errors="0" timestamp="2022-08-02T22:32:32 IST" skipped="0">
  <testcase classname="testCases.ManagedeliveryBoy" name="validateAddNewDeliveryBoy" time="3.931"/>
  <system-out/>
  <testcase classname="testCases.ManagedeliveryBoy" name="validateSearchDeliveryBoyWithValidName" time="0.849"/>
  <system-out/>
  <testcase classname="testCases.ManagedeliveryBoy" name="validateSearchDeliveryBoyWithValidPhoneNumber" time="0.912"/>
  <system-out/>
  <testcase classname="testCases.ManagedeliveryBoy" name="validateSearchDeliveryBoyWithValidEmail" time="0.834"/>
  <system-out/>
  <testcase classname="testCases.ManagedeliveryBoy" name="validateSearchDeliveryBoyWithInvalidName" time="0.775"/>
  <system-out/>
  <testcase classname="testCases.ManagedeliveryBoy" name="validateSearchDeliveryBoyWithInvalidPhoneNumber" time="0.852"/>
  <system-out/>
  <testcase classname="testCases.ManagedeliveryBoy" name="validateSearchDeliveryBoyWithInvalidEmail" time="0.777"/>
  <system-out/>
  <testcase classname="testCases.ManagedeliveryBoy" name="validateUpdateDeliveryBoy" time="1.382"/>
  <system-out/>
  <testcase classname="testCases.ManagedeliveryBoy" name="validateActiveButtonStatusOfDeliveryBoy" time="0.083"/>
  <system-out/>
  <testcase classname="testCases.ManagedeliveryBoy" name="validateDeleteDeliveryBoy" time="0.490"/>
  <system-out/>
</testsuite> <!-- testCases.ManagedeliveryBoy -->
