<?xml version="1.0" encoding="UTF-8"?>
<!-- Generated by org.testng.reporters.JUnitReportReporter -->
<testsuite hostname="LAPTOP-IH7D7O72" failures="0" tests="1" name="testCases.DashBoard" time="0.601" errors="0" timestamp="2022-07-28T07:40:20 IST" skipped="0">
  <testcase classname="testCases.DashBoard" name="validate" time="0.601"/>
  <system-out/>
</testsuite> <!-- testCases.DashBoard -->
