<?xml version="1.0" encoding="UTF-8"?>
<!-- Generated by org.testng.reporters.JUnitReportReporter -->
<testsuite hostname="LAPTOP-IH7D7O72" failures="0" tests="7" name="testCases.AdminUsers" time="7.941" errors="0" timestamp="2022-08-02T22:32:32 IST" skipped="0">
  <testcase classname="testCases.AdminUsers" name="validateAddNewPageOption" time="3.343"/>
  <system-out/>
  <testcase classname="testCases.AdminUsers" name="validateDeletePageOption" time="0.779"/>
  <system-out/>
  <testcase classname="testCases.AdminUsers" name="validateLockPageButtonIsClickable" time="0.526"/>
  <system-out/>
  <testcase classname="testCases.AdminUsers" name="validateUnLockPageButtonIsClickable" time="0.465"/>
  <system-out/>
  <testcase classname="testCases.AdminUsers" name="validateActiveButtonIsClickable" time="0.508"/>
  <system-out/>
  <testcase classname="testCases.AdminUsers" name="validateInActiveButtonIsClickable" time="0.573"/>
  <system-out/>
  <testcase classname="testCases.AdminUsers" name="validateUpdateButton" time="1.747"/>
  <system-out/>
</testsuite> <!-- testCases.AdminUsers -->
