<?xml version="1.0" encoding="UTF-8"?>
<!-- Generated by org.testng.reporters.JUnitReportReporter -->
<testsuite hostname="LAPTOP-IH7D7O72" failures="0" tests="5" name="testCases.ManagePages" time="5.905" errors="0" timestamp="2022-07-28T07:40:20 IST" skipped="1">
  <testcase classname="testCases.ManagePages" name="validateManagePagesSearchOptionWithPageName" time="3.722"/>
  <system-out/>
  <testcase classname="testCases.ManagePages" name="validateTextBoxesinAddNewPageOption" time="1.346"/>
  <system-out/>
  <testcase classname="testCases.ManagePages" name="validateUploadImagesinAddNewPageOption" time="0.333"/>
  <system-out/>
  <testcase classname="testCases.ManagePages" name="validateDeleteButton" time="0.504"/>
  <system-out/>
  <testcase classname="testCases.ManagePages" name="validateTextBoxesOfAddNewPageOption">
    <skipped/>
  </testcase> <!-- validateTextBoxesOfAddNewPageOption -->
  <system-out/>
</testsuite> <!-- testCases.ManagePages -->
