<?xml version="1.0" encoding="UTF-8"?>
<!-- Generated by org.testng.reporters.JUnitReportReporter -->
<testsuite hostname="LAPTOP-IH7D7O72" failures="0" tests="6" name="testCases.AdminUsers" time="7.425" errors="0" timestamp="2022-07-30T22:27:09 IST" skipped="0">
  <testcase classname="testCases.AdminUsers" name="validateAddNewPageOption" time="3.873"/>
  <system-out/>
  <testcase classname="testCases.AdminUsers" name="validateDeletePageOption" time="0.552"/>
  <system-out/>
  <testcase classname="testCases.AdminUsers" name="validateLockPageButtonIsClickable" time="0.657"/>
  <system-out/>
  <testcase classname="testCases.AdminUsers" name="validateUnLockPageButtonIsClickable" time="0.902"/>
  <system-out/>
  <testcase classname="testCases.AdminUsers" name="validateActiveButtonIsClickable" time="0.898"/>
  <system-out/>
  <testcase classname="testCases.AdminUsers" name="validateInActiveButtonIsClickable" time="0.543"/>
  <system-out/>
</testsuite> <!-- testCases.AdminUsers -->
