<?xml version="1.0" encoding="UTF-8"?>
<!-- Generated by org.testng.reporters.JUnitReportReporter -->
<testsuite hostname="LAPTOP-IH7D7O72" failures="0" tests="8" name="testCases.ManagedeliveryBoy" time="12.310" errors="0" timestamp="2022-07-30T22:27:10 IST" skipped="0">
  <testcase classname="testCases.ManagedeliveryBoy" name="validateAddNewDeliveryBoy" time="4.925"/>
  <system-out/>
  <testcase classname="testCases.ManagedeliveryBoy" name="validateSearchDeliveryBoyWithValidName" time="1.195"/>
  <system-out/>
  <testcase classname="testCases.ManagedeliveryBoy" name="validateSearchDeliveryBoyWithValidPhoneNumber" time="1.295"/>
  <system-out/>
  <testcase classname="testCases.ManagedeliveryBoy" name="validateSearchDeliveryBoyWithValidEmail" time="1.181"/>
  <system-out/>
  <testcase classname="testCases.ManagedeliveryBoy" name="validateSearchDeliveryBoyWithInvalidName" time="1.060"/>
  <system-out/>
  <testcase classname="testCases.ManagedeliveryBoy" name="validateSearchDeliveryBoyWithInvalidPhoneNumber" time="0.971"/>
  <system-out/>
  <testcase classname="testCases.ManagedeliveryBoy" name="validateSearchDeliveryBoyWithInvalidEmail" time="1.033"/>
  <system-out/>
  <testcase classname="testCases.ManagedeliveryBoy" name="validateDeleteDeliveryBoy" time="0.650"/>
  <system-out/>
</testsuite> <!-- testCases.ManagedeliveryBoy -->
