<?xml version="1.0" encoding="UTF-8"?>
<!-- Generated by org.testng.reporters.JUnitReportReporter -->
<testsuite hostname="LAPTOP-IH7D7O72" failures="0" tests="5" name="testCases.ManagePages" time="11.070" errors="0" timestamp="2022-07-30T22:27:09 IST" skipped="0">
  <testcase classname="testCases.ManagePages" name="validateManagePagesSearchOptionWithPageName" time="4.363"/>
  <system-out/>
  <testcase classname="testCases.ManagePages" name="validateTextBoxesinAddNewPageOption" time="1.734"/>
  <system-out/>
  <testcase classname="testCases.ManagePages" name="validateUploadImagesinAddNewPageOption" time="0.373"/>
  <system-out/>
  <testcase classname="testCases.ManagePages" name="validateDeleteButton" time="0.656"/>
  <system-out/>
  <testcase classname="testCases.ManagePages" name="validateAddNewPageOption" time="3.944"/>
  <system-out/>
</testsuite> <!-- testCases.ManagePages -->
