<?xml version="1.0" encoding="UTF-8"?>
<!-- Generated by org.testng.reporters.JUnitReportReporter -->
<testsuite hostname="LAPTOP-IH7D7O72" failures="0" tests="7" name="testCases.Login" time="7.100" errors="0" timestamp="2022-07-30T22:27:10 IST" skipped="0">
  <testcase classname="testCases.Login" name="validateLoginWithPasswordAlone" time="1.103"/>
  <system-out/>
  <testcase classname="testCases.Login" name="validateLoginWithUserNameAlone" time="0.772"/>
  <system-out/>
  <testcase classname="testCases.Login" name="validateLoginWithCorrectUserNameAndPassword" time="2.321"/>
  <system-out/>
  <testcase classname="testCases.Login" name="validateRememberMebuttonBeforeClick" time="0.268"/>
  <system-out/>
  <testcase classname="testCases.Login" name="validateRememberMebuttonAfterClick" time="0.410"/>
  <system-out/>
  <testcase classname="testCases.Login" name="validateLoginWithInvalidUserName" time="1.232"/>
  <system-out/>
  <testcase classname="testCases.Login" name="validateLoginWithInvalidPassword" time="0.994"/>
  <system-out/>
</testsuite> <!-- testCases.Login -->
