<?xml version="1.0" encoding="UTF-8"?>
<!-- Generated by org.testng.reporters.JUnitReportReporter -->
<testsuite hostname="LAPTOP-IH7D7O72" failures="0" tests="5" name="testCases.ManagePages" time="7.133" errors="0" timestamp="2022-07-26T22:58:51 IST" skipped="1">
  <testcase classname="testCases.ManagePages" name="validateManagePagesSearchOptionWithPageName" time="4.178"/>
  <system-out/>
  <testcase classname="testCases.ManagePages" name="validateTextBoxesinAddNewPageOption" time="1.804"/>
  <system-out/>
  <testcase classname="testCases.ManagePages" name="validateUploadImagesinAddNewPageOption" time="0.471"/>
  <system-out/>
  <testcase classname="testCases.ManagePages" name="validateDeleteButton" time="0.680"/>
  <system-out/>
  <testcase classname="testCases.ManagePages" name="validateTextBoxesOfAddNewPageOption">
    <skipped/>
  </testcase> <!-- validateTextBoxesOfAddNewPageOption -->
  <system-out/>
</testsuite> <!-- testCases.ManagePages -->
